#
# A fatal error has been detected by the Java Runtime Environment:
#
#  EXCEPTION_IN_PAGE_ERROR (0xc0000006) at pc=0x00007ffecf141689, pid=2608, tid=15808
#
# JRE version:  (11.0.12+7) (build )
# Java VM: OpenJDK 64-Bit Server VM (11.0.12+7-LTS, mixed mode, sharing, tiered, compressed oops, g1 gc, windows-amd64)
# Problematic frame:
# C  [VCRUNTIME140.dll+0x1689]
#
# No core dump will be written. Minidumps are not enabled by default on client versions of Windows
#
#

---------------  S U M M A R Y ------------

Command Line: -Dmaven.multiModuleProjectDirectory=D:\realmeet -Dmaven.home=D:\FerramentasDesenvolvimento\IntelliJ\ideaIC-2021.1.win\plugins\maven\lib\maven3 -Dclassworlds.conf=D:\FerramentasDesenvolvimento\IntelliJ\ideaIC-2021.1.win\plugins\maven\lib\maven3\bin\m2.conf -Dmaven.ext.class.path=D:\FerramentasDesenvolvimento\IntelliJ\ideaIC-2021.1.win\plugins\maven\lib\maven-event-listener.jar -javaagent:D:\FerramentasDesenvolvimento\IntelliJ\ideaIC-2021.1.win\lib\idea_rt.jar=50061:D:\FerramentasDesenvolvimento\IntelliJ\ideaIC-2021.1.win\bin -Dfile.encoding=UTF-8 org.codehaus.classworlds.Launcher -Didea.version=2021.1.2 clean

Host: Intel(R) Core(TM) i7-8565U CPU @ 1.80GHz, 8 cores, 15G,  Windows 10 , 64 bit Build 19041 (10.0.19041.1151)
Time: Thu Aug 26 23:56:04 2021 Hora oficial do Brasil elapsed time: 0.014191 seconds (0d 0h 0m 0s)

---------------  T H R E A D  ---------------

Current thread is native thread

Stack: [0x000000fa4ad00000,0x000000fa4ae00000],  sp=0x000000fa4adfefc0,  free space=1019k
Native frames: (J=compiled Java code, j=interpreted, Vv=VM code, C=native code)
C  [VCRUNTIME140.dll+0x1689]
V  [jvm.dll+0x631841]
V  [jvm.dll+0x630627]
V  [jvm.dll+0x6301ce]
V  [jvm.dll+0x35f402]
V  [jvm.dll+0x750076]
V  [jvm.dll+0x3c859f]
V  [jvm.dll+0x3caa71]
C  [jli.dll+0x5207]
C  [ucrtbase.dll+0x21bb2]
C  [KERNEL32.DLL+0x17034]
C  [ntdll.dll+0x52651]


siginfo: EXCEPTION_IN_PAGE_ERROR (0xc0000006), writing address 0x0000024562010000


Registers:
RAX=0x0000000000000000, RBX=0x0000024562010000, RCX=0x0000000000010000, RDX=0x0000000000000000
RSP=0x000000fa4adfefc0, RBP=0x000002456281cf80, RSI=0x0000024560761990, RDI=0x0000024562010000
R8 =0x0000000000010000, R9 =0x0000000000000000, R10=0x0000000000000000, R11=0x0000024562010000
R12=0x0000000000000000, R13=0x00007ffe7d342d10, R14=0x00000245606b29f0, R15=0x0000000000010000
RIP=0x00007ffecf141689, EFLAGS=0x0000000000010203

Top of Stack: (sp=0x000000fa4adfefc0)
0x000000fa4adfefc0:   0000000000000000 00007ffe7d3c1841
0x000000fa4adfefd0:   000002456281cf80 0000024500000000
0x000000fa4adfefe0:   0000024560761990 0000000000000138
0x000000fa4adfeff0:   0000000000010000 000000fa4adff014
0x000000fa4adff000:   000000fa4adff2a0 0000000000000104
0x000000fa4adff010:   03e706ff00000101 0000000000000103
0x000000fa4adff020:   000002456281cf85 00000000000000ff
0x000000fa4adff030:   000000000000000d 0000000000000000
0x000000fa4adff040:   0000000000000000 0000000000000090
0x000000fa4adff050:   0000000000002000 0000024560680000
0x000000fa4adff060:   0000000000002000 00007ffedce8f47e
0x000000fa4adff070:   000002456281af70 00007ffedce7a46c
0x000000fa4adff080:   00000000005c3a43 00007ffedcfd8540
0x000000fa4adff090:   264513db00000000 00000000000003ff
0x000000fa4adff0a0:   000002456068af14 0000024560680150
0x000000fa4adff0b0:   264513db00000000 00007ffedce7a36f 

Instructions: (pc=0x00007ffecf141689)
0x00007ffecf141589:   ff ff 0f 1f 44 00 00 49 03 c8 0f 10 44 11 f0 48
0x00007ffecf141599:   83 e9 10 49 83 e8 10 f6 c1 0f 74 17 48 8b c1 48
0x00007ffecf1415a9:   83 e1 f0 0f 10 c8 0f 10 04 11 0f 11 08 4c 8b c1
0x00007ffecf1415b9:   4d 2b c3 4d 8b c8 49 c1 e9 07 74 68 0f 29 01 eb
0x00007ffecf1415c9:   0d 66 0f 1f 44 00 00 0f 29 41 10 0f 29 09 0f 10
0x00007ffecf1415d9:   44 11 f0 0f 10 4c 11 e0 48 81 e9 80 00 00 00 0f
0x00007ffecf1415e9:   29 41 70 0f 29 49 60 0f 10 44 11 50 0f 10 4c 11
0x00007ffecf1415f9:   40 49 ff c9 0f 29 41 50 0f 29 49 40 0f 10 44 11
0x00007ffecf141609:   30 0f 10 4c 11 20 0f 29 41 30 0f 29 49 20 0f 10
0x00007ffecf141619:   44 11 10 0f 10 0c 11 75 ae 0f 29 41 10 49 83 e0
0x00007ffecf141629:   7f 0f 28 c1 4d 8b c8 49 c1 e9 04 74 1a 66 66 0f
0x00007ffecf141639:   1f 84 00 00 00 00 00 0f 11 01 48 83 e9 10 0f 10
0x00007ffecf141649:   04 11 49 ff c9 75 f0 49 83 e0 0f 74 08 41 0f 10
0x00007ffecf141659:   0a 41 0f 11 0b 0f 11 01 49 8b c3 c3 cc cc cc cc
0x00007ffecf141669:   cc cc cc cc cc cc cc cc cc cc cc cc cc 66 66 0f
0x00007ffecf141679:   1f 84 00 00 00 00 00 57 8b c2 48 8b f9 49 8b c8
0x00007ffecf141689:   f3 aa 49 8b c3 5f c3 cc cc cc cc cc cc 66 66 0f
0x00007ffecf141699:   1f 84 00 00 00 00 00 4c 8b d9 0f b6 d2 49 b9 01
0x00007ffecf1416a9:   01 01 01 01 01 01 01 4c 0f af ca 49 83 f8 10 0f
0x00007ffecf1416b9:   86 f2 00 00 00 66 49 0f 6e c1 66 0f 60 c0 49 81
0x00007ffecf1416c9:   f8 80 00 00 00 77 10 e9 6b 00 00 00 66 66 66 0f
0x00007ffecf1416d9:   1f 84 00 00 00 00 00 0f ba 25 c4 fc 00 00 01 72
0x00007ffecf1416e9:   96 0f 11 01 4c 03 c1 48 83 c1 10 48 83 e1 f0 4c
0x00007ffecf1416f9:   2b c1 4d 8b c8 49 c1 e9 07 74 3c 66 66 66 66 0f
0x00007ffecf141709:   1f 84 00 00 00 00 00 0f 29 01 0f 29 41 10 48 81
0x00007ffecf141719:   c1 80 00 00 00 0f 29 41 a0 0f 29 41 b0 49 ff c9
0x00007ffecf141729:   0f 29 41 c0 0f 29 41 d0 0f 29 41 e0 66 0f 29 41
0x00007ffecf141739:   f0 75 d4 49 83 e0 7f 4d 8b c8 49 c1 e9 04 74 13
0x00007ffecf141749:   0f 1f 80 00 00 00 00 0f 11 01 48 83 c1 10 49 ff
0x00007ffecf141759:   c9 75 f4 49 83 e0 0f 74 06 42 0f 11 44 01 f0 49
0x00007ffecf141769:   8b c3 c3 de 17 00 00 db 17 00 00 07 18 00 00 d7
0x00007ffecf141779:   17 00 00 e4 17 00 00 f4 17 00 00 04 18 00 00 d4 



---------------  P R O C E S S  ---------------

VM state:not at safepoint (not fully initialized)

VM Mutex/Monitor currently owned by a thread: None


[error occurred during error reporting (printing compressed oops mode), id 0xc0000005, EXCEPTION_ACCESS_VIOLATION (0xc0000005) at pc=0x00007ffe7d4fe087]

Deoptimization events (0 events):
No events

Classes redefined (0 events):
No events

Internal exceptions (0 events):
No events

Events (0 events):
No events


Dynamic libraries:
0x00007ff63e0a0000 - 0x00007ff63e0ad000 	C:\Users\Tadeu Espindola\.jdks\azul-11.0.12\bin\java.exe
0x00007ffedce70000 - 0x00007ffedd065000 	C:\WINDOWS\SYSTEM32\ntdll.dll
0x00007ffedc750000 - 0x00007ffedc80d000 	C:\WINDOWS\System32\KERNEL32.DLL
0x00007ffedabd0000 - 0x00007ffedae99000 	C:\WINDOWS\System32\KERNELBASE.dll
0x00007ffeda9f0000 - 0x00007ffedaaf0000 	C:\WINDOWS\System32\ucrtbase.dll
0x00007ffecf140000 - 0x00007ffecf155000 	C:\Users\Tadeu Espindola\.jdks\azul-11.0.12\bin\VCRUNTIME140.dll
0x00007ffecef50000 - 0x00007ffecef67000 	C:\Users\Tadeu Espindola\.jdks\azul-11.0.12\bin\jli.dll
0x00007ffedcc90000 - 0x00007ffedce30000 	C:\WINDOWS\System32\USER32.dll
0x00007ffeda9c0000 - 0x00007ffeda9e2000 	C:\WINDOWS\System32\win32u.dll
0x00007ffec1040000 - 0x00007ffec12da000 	C:\WINDOWS\WinSxS\amd64_microsoft.windows.common-controls_6595b64144ccf1df_6.0.19041.1110_none_60b5254171f9507e\COMCTL32.dll
0x00007ffedca10000 - 0x00007ffedca3a000 	C:\WINDOWS\System32\GDI32.dll
0x00007ffedc510000 - 0x00007ffedc5ae000 	C:\WINDOWS\System32\msvcrt.dll
0x00007ffeda7b0000 - 0x00007ffeda8bb000 	C:\WINDOWS\System32\gdi32full.dll
0x00007ffeda920000 - 0x00007ffeda9bd000 	C:\WINDOWS\System32\msvcp_win.dll
0x00007ffedc200000 - 0x00007ffedc230000 	C:\WINDOWS\System32\IMM32.DLL
0x00007ffeb8bc0000 - 0x00007ffeb8c5b000 	C:\Users\Tadeu Espindola\.jdks\azul-11.0.12\bin\msvcp140.dll
0x00007ffe7cd90000 - 0x00007ffe7d8f4000 	C:\Users\Tadeu Espindola\.jdks\azul-11.0.12\bin\server\jvm.dll
0x00007ffedc400000 - 0x00007ffedc4ac000 	C:\WINDOWS\System32\ADVAPI32.dll
0x00007ffedca40000 - 0x00007ffedcadb000 	C:\WINDOWS\System32\sechost.dll
0x00007ffedc070000 - 0x00007ffedc19a000 	C:\WINDOWS\System32\RPCRT4.dll
0x00007ffedc230000 - 0x00007ffedc238000 	C:\WINDOWS\System32\PSAPI.DLL
0x00007ffeb8210000 - 0x00007ffeb8219000 	C:\WINDOWS\SYSTEM32\WSOCK32.dll
0x00007ffece200000 - 0x00007ffece20a000 	C:\WINDOWS\SYSTEM32\VERSION.dll
0x00007ffec12f0000 - 0x00007ffec1317000 	C:\WINDOWS\SYSTEM32\WINMM.dll
0x00007ffedc680000 - 0x00007ffedc6eb000 	C:\WINDOWS\System32\WS2_32.dll
0x00007ffed8e20000 - 0x00007ffed8e32000 	C:\WINDOWS\SYSTEM32\kernel.appcore.dll
0x00007ffed1e50000 - 0x00007ffed1e60000 	C:\Users\Tadeu Espindola\.jdks\azul-11.0.12\bin\verify.dll
0x00007ffed5ac0000 - 0x00007ffed5ca4000 	C:\WINDOWS\SYSTEM32\DBGHELP.DLL
0x00007ffec6410000 - 0x00007ffec643c000 	C:\WINDOWS\SYSTEM32\dbgcore.DLL
0x00007ffedaaf0000 - 0x00007ffedab73000 	C:\WINDOWS\System32\bcryptPrimitives.dll
0x00007ffec2650000 - 0x00007ffec2678000 	C:\Users\Tadeu Espindola\.jdks\azul-11.0.12\bin\java.dll
0x00007ffed0c00000 - 0x00007ffed0c0a000 	C:\Users\Tadeu Espindola\.jdks\azul-11.0.12\bin\jimage.dll
0x00007ffed0980000 - 0x00007ffed098e000 	C:\Users\Tadeu Espindola\.jdks\azul-11.0.12\bin\instrument.dll

dbghelp: loaded successfully - version: 4.0.5 - missing functions: none
symbol engine: initialized successfully - sym options: 0x614 - pdb path: .;C:\Users\Tadeu Espindola\.jdks\azul-11.0.12\bin;C:\WINDOWS\SYSTEM32;C:\WINDOWS\WinSxS\amd64_microsoft.windows.common-controls_6595b64144ccf1df_6.0.19041.1110_none_60b5254171f9507e;C:\Users\Tadeu Espindola\.jdks\azul-11.0.12\bin\server

VM Arguments:
jvm_args: -Dmaven.multiModuleProjectDirectory=D:\realmeet -Dmaven.home=D:\FerramentasDesenvolvimento\IntelliJ\ideaIC-2021.1.win\plugins\maven\lib\maven3 -Dclassworlds.conf=D:\FerramentasDesenvolvimento\IntelliJ\ideaIC-2021.1.win\plugins\maven\lib\maven3\bin\m2.conf -Dmaven.ext.class.path=D:\FerramentasDesenvolvimento\IntelliJ\ideaIC-2021.1.win\plugins\maven\lib\maven-event-listener.jar -javaagent:D:\FerramentasDesenvolvimento\IntelliJ\ideaIC-2021.1.win\lib\idea_rt.jar=50061:D:\FerramentasDesenvolvimento\IntelliJ\ideaIC-2021.1.win\bin -Dfile.encoding=UTF-8 
java_command: org.codehaus.classworlds.Launcher -Didea.version=2021.1.2 clean
java_class_path (initial): D:\FerramentasDesenvolvimento\IntelliJ\ideaIC-2021.1.win\plugins\maven\lib\maven3\boot\plexus-classworlds-2.6.0.jar;D:\FerramentasDesenvolvimento\IntelliJ\ideaIC-2021.1.win\plugins\maven\lib\maven3\boot\plexus-classworlds.license
Launcher Type: SUN_STANDARD

[Global flags]
     uint G1ConcRefinementThreads                  = 8                                         {product} {ergonomic}
    uintx GCDrainStackTargetSize                   = 64                                        {product} {ergonomic}
   size_t InitialHeapSize                          = 265266816                                 {product} {ergonomic}
   size_t MaxHeapSize                              = 4244269056                                {product} {ergonomic}
    uintx ReservedCodeCacheSize                    = 251658240                              {pd product} {ergonomic}
     bool SegmentedCodeCache                       = true                                      {product} {ergonomic}
     bool UseCompressedClassPointers               = true                                 {lp64_product} {ergonomic}
     bool UseCompressedOops                        = true                                 {lp64_product} {ergonomic}
     bool UseG1GC                                  = true                                      {product} {ergonomic}
     bool UseLargePagesIndividualAllocation        = false                                  {pd product} {ergonomic}

Logging:
Log output configuration:
 #0: stdout all=warning uptime,level,tags
 #1: stderr all=off uptime,level,tags

Environment Variables:
JAVA_HOME=C:\Users\Tadeu Espindola\Downloads\openjdk-16.0.1_windows-x64_bin\jdk-16.0.1
PATH=C:\Users\Tadeu Espindola\Downloads\openjdk-16.0.1_windows-x64_bin\jdk-16.0.1\bin;C:\Program Files\nodejs\;C:\Python39\Scripts\;C:\Python39\;C:\Python27\;C:\Python27\Scripts;C:\Program Files\Python37\Scripts\;C:\Program Files\Python37\;C:\Program Files (x86)\Python37-32\Scripts\;C:\Program Files (x86)\Python37-32\;C:\Windows\system32;C:\Windows;C:\Windows\System32\Wbem;C:\Windows\System32\WindowsPowerShell\v1.0\;C:\Windows\System32\OpenSSH\;C:\Program Files\Intel\WiFi\bin\;C:\Program Files\Common Files\Intel\WirelessCommon\;C:\Program Files (x86)\NVIDIA Corporation\PhysX\Common;C:\ProgramData\chocolatey\bin;C:\Desenvolvimento\Maven\apache-maven-3.6.1\bin;C:\Users\Tadeu Espindola\AppData\Roaming\npm;C:\Users\Tadeu Espindola\AppData\Roaming\npm\node_modules\@angular\cli\bin;C:\Program Files\NVIDIA Corporation\NVIDIA NvDLISR;D:\FerramentasDesenvolvimento\Sonar Qube\sonar-scanner-4.2.0.1873-windows\bin;C:\Program Files (x86)\Gpg4win\..\GnuPG\bin;C:\xampp\php;C:\composer;C:\Program Files\PuTTY\;C:\ProgramData\nvm;C:\Program Files\nodejs;C:\WINDOWS\system32;C:\WINDOWS;C:\WINDOWS\System32\Wbem;C:\WINDOWS\System32\WindowsPowerShell\v1.0\;C:\WINDOWS\System32\OpenSSH\;C:\Program Files\Git\cmd;C:\Program Files\Docker\Docker\resources\bin;C:\ProgramData\DockerDesktop\version-bin;C:\cygwin64\bin;C:\Program Files\MySQL\MySQL Shell 8.0\bin\;C:\Program Files\heroku\bin;C:\Users\Tadeu Espindola\AppData\Roaming\Composer\vendor\bin;C:\Program Files\JetBrains\WebStorm 2020.1\bin;C:\Program Files\JetBrains\DataGrip 2019.3.3\bin;C:\Users\Tadeu Espindola\AppData\Roaming\nvm;C:\Program Files\nodejs;C:\Users\Tadeu Espindola\AppData\Local\Microsoft\WindowsApps;;C:\Program Files\JetBrains\DataGrip 2020.3\bin;;C:\Users\Tadeu Espindola\AppData\Roaming\npm;C:\Program Files\JetBrains\IntelliJ IDEA 2020.2.4\bin;
USERNAME=Tadeu Espindola
OS=Windows_NT
PROCESSOR_IDENTIFIER=Intel64 Family 6 Model 142 Stepping 12, GenuineIntel



---------------  S Y S T E M  ---------------

OS: Windows 10 , 64 bit Build 19041 (10.0.19041.1151)
OS uptime: 2 days 1:21 hours

CPU:total 8 (initial active 8) 

Memory: 4k page, system-wide physical 16190M (3216M free)
TotalPageFile size 21265M (AvailPageFile size 3998M)
current process WorkingSet (physical memory assigned to process): 8M, peak: 8M
current process commit charge ("private bytes"): 3M, peak: 3M

vm_info: OpenJDK 64-Bit Server VM (11.0.12+7-LTS) for windows-amd64 JRE (Zulu11.50+19-CA) (11.0.12+7-LTS), built on Jul 12 2021 10:57:42 by "zulu_re" with MS VC++ 15.9 (VS2017)

END.
